[0m[[0m[0mdebug[0m] [0m[0m> Exec(run, None, None)[0m
[0m[[0m[0mdebug[0m] [0m[0mEvaluating tasks: Compile / run[0m
[0m[[0m[0mdebug[0m] [0m[0mRunning task... Cancel: Signal, check cycles: false, forcegc: true[0m
[0m[[0m[0minfo[0m] [0m[0mcompiling 1 Scala source to /home/ridhuparan/IdeaProjects/CS-474-/Assignment 1/target/scala-3.1.3/classes ...[0m
[0m[[0m[31merror[0m] [0m[0m[31m[31m-- [E007] Type Mismatch Error: /home/ridhuparan/IdeaProjects/CS-474-/Assignment 1/src/main/scala/main.scala:26:23 [0m[0m[0m
[0m[[0m[31merror[0m] [0m[0m[31m26 |[0m       gate=expression.eval[0m
[0m[[0m[31merror[0m] [0m[0m[31m[31m   |[0m            ^^^^^^^^^^^^^^^[0m[0m
[0m[[0m[31merror[0m] [0m[0m[31m   |[0m            Found:    Boolean[0m
[0m[[0m[31merror[0m] [0m[0m[31m   |[0m            Required: object BoolExp[0m
[0m[[0m[31merror[0m] [0m[0m[31m   |[0m[0m
[0m[[0m[31merror[0m] [0m[0m[31m   |[0m longer explanation available when compiling with `-explain`[0m
[0m[[0m[31merror[0m] [0m[0m[31m[31m-- [E007] Type Mismatch Error: /home/ridhuparan/IdeaProjects/CS-474-/Assignment 1/src/main/scala/main.scala:70:11 [0m[0m[0m
[0m[[0m[31merror[0m] [0m[0m[31m70 |[0m    Assign([31m"A"[0m,Value([31mfalse[0m))[0m
[0m[[0m[31merror[0m] [0m[0m[31m[31m   |[0m           ^^^[0m[0m
[0m[[0m[31merror[0m] [0m[0m[31m   |[0m           Found:    ([32m"A"[0m : String)[0m
[0m[[0m[31merror[0m] [0m[0m[31m   |[0m           Required: BoolExp.type[0m
[0m[[0m[31merror[0m] [0m[0m[31m   |[0m[0m
[0m[[0m[31merror[0m] [0m[0m[31m   |[0m longer explanation available when compiling with `-explain`[0m
[0m[[0m[31merror[0m] [0m[0m[31m[31m-- [E007] Type Mismatch Error: /home/ridhuparan/IdeaProjects/CS-474-/Assignment 1/src/main/scala/main.scala:72:11 [0m[0m[0m
[0m[[0m[31merror[0m] [0m[0m[31m72 |[0m    Assign([31m"B"[0m,Value([31mtrue[0m))[0m
[0m[[0m[31merror[0m] [0m[0m[31m[31m   |[0m           ^^^[0m[0m
[0m[[0m[31merror[0m] [0m[0m[31m   |[0m           Found:    ([32m"B"[0m : String)[0m
[0m[[0m[31merror[0m] [0m[0m[31m   |[0m           Required: BoolExp.type[0m
[0m[[0m[31merror[0m] [0m[0m[31m   |[0m[0m
[0m[[0m[31merror[0m] [0m[0m[31m   |[0m longer explanation available when compiling with `-explain`[0m
[0m[[0m[31merror[0m] [0m[0m[31m[31m-- [E007] Type Mismatch Error: /home/ridhuparan/IdeaProjects/CS-474-/Assignment 1/src/main/scala/main.scala:74:20 [0m[0m[0m
[0m[[0m[31merror[0m] [0m[0m[31m74 |[0m    Assign(LogicGate([31m"LogicGate1"[0m), Value([31mtrue[0m))[0m
[0m[[0m[31merror[0m] [0m[0m[31m[31m   |[0m           ^^^^^^^^^^^^^^^^^^^^^^^[0m[0m
[0m[[0m[31merror[0m] [0m[0m[31m   |[0m           Found:    Boolean[0m
[0m[[0m[31merror[0m] [0m[0m[31m   |[0m           Required: BoolExp.type[0m
[0m[[0m[31merror[0m] [0m[0m[31m   |[0m[0m
[0m[[0m[31merror[0m] [0m[0m[31m   |[0m longer explanation available when compiling with `-explain`[0m
[0m[[0m[31merror[0m] [0m[0mfour errors found[0m
[0m[[0m[0mdebug[0m] [0m[0mForcing garbage collection...[0m
[0m[[0m[31merror[0m] [0m[0m(Compile / [31mcompileIncremental[0m) Compilation failed[0m
[0m[[0m[31merror[0m] [0m[0mTotal time: 1 s, completed Sep 13, 2022, 4:24:21 PM[0m
[0m[[0m[0mdebug[0m] [0m[0m> Exec(idea-shell, None, None)[0m
