[debug] > Exec(early(addDefaultCommands), None, None)
[debug] > Exec(addDefaultCommands, None, None)
[debug] > Exec(early(initialize), None, None)
[debug] > Exec(initialize, None, None)
[debug] > Exec(early(addPluginSbtFile="""C:\Users\rkungu2\AppData\Local\Temp\idea.sbt"""), None, None)
[debug] > Exec(addPluginSbtFile="""C:\Users\rkungu2\AppData\Local\Temp\idea.sbt""", None, None)
[debug] > Exec(boot, None, None)
[debug] > Exec(writeSbtVersion, None, None)
[warn] No sbt.version set in project/build.properties, base directory: C:\Users\rkungu2\Documents\Git\CS-474-\Finall
[debug] > Exec(reload, None, None)
[debug] > Exec(sbtStashOnFailure, None, None)
[debug] > Exec(onFailure loadFailed, None, None)
[debug] > Exec(loadp, None, None)
[info] welcome to sbt 1.6.2 (Oracle Corporation Java 19)
[debug]       Load.loadUnit: plugins took 237.0753ms
[debug]       Load.loadUnit: defsScala took 0.5482ms
[debug] [Loading] Scanning directory C:\Users\rkungu2\.sbt\1.0\plugins
[debug] [Loading] Found non-root projects 
[debug] [Loading] Done in C:\Users\rkungu2\.sbt\1.0\plugins, returning: ()
[debug] deducing auto plugins based on known facts Set(Atom(sbt.plugins.CorePlugin)) and clauses Clauses(Clause(Atom(sbt.plugins.JvmPlugin),Set(Atom(sbt.plugins.IvyPlugin)))
[debug] Clause(Atom(sbt.ScriptedPlugin),Set(Atom(sbt.plugins.JvmPlugin)))
[debug] Clause(Atom(sbt.plugins.SbtPlugin),Set(Atom(sbt.ScriptedPlugin)))
[debug] Clause(Atom(sbt.plugins.SemanticdbPlugin),Set(Atom(sbt.plugins.JvmPlugin)))
[debug] Clause(Atom(sbt.plugins.JUnitXmlReportPlugin),Set(Atom(sbt.plugins.JvmPlugin)))
[debug] Clause(Atom(sbt.plugins.MiniDependencyTreePlugin),Set(Atom(sbt.plugins.JvmPlugin)))
[debug] Clause(Atom(sbt.plugins.CorePlugin),Set(Atom(sbt.plugins.IvyPlugin)))
[debug] Clause(Atom(sbt.plugins.IvyPlugin),Set(Atom(sbt.plugins.JvmPlugin)))
[debug] Clause(Atom(sbt.plugins.JvmPlugin),Set(Atom(sbt.plugins.SemanticdbPlugin)))
[debug] Clause(Atom(sbt.plugins.JvmPlugin),Set(Atom(sbt.plugins.JUnitXmlReportPlugin)))
[debug] Clause(Atom(sbt.plugins.CorePlugin),Set(Atom(sbt.plugins.Giter8TemplatePlugin)))
[debug] Clause(Atom(sbt.plugins.JvmPlugin),Set(Atom(sbt.plugins.MiniDependencyTreePlugin))))
[debug]   :: deduced result: Matched(sbt.plugins.CorePlugin,sbt.plugins.Giter8TemplatePlugin,sbt.plugins.IvyPlugin,sbt.plugins.JvmPlugin,sbt.plugins.MiniDependencyTreePlugin,sbt.plugins.JUnitXmlReportPlugin,sbt.plugins.SemanticdbPlugin)
[debug] Plugins.deducer#function took 35.6204 ms
[debug]           Load.resolveProject(global-plugins) took 67.5757ms
[debug]         Load.loadTransitive: finalizeProject(Project(id global-plugins, base: C:\Users\rkungu2\.sbt\1.0\plugins, plugins: List(<none>))) took 151.0533ms
[debug] [Loading] Done in C:\Users\rkungu2\.sbt\1.0\plugins, returning: (global-plugins)
[debug]       Load.loadUnit: loadedProjectsRaw took 196.0225ms
[debug]       Load.loadUnit: cleanEvalClasses took 0.4413ms
[debug]     Load.loadUnit(file:/C:/Users/rkungu2/.sbt/1.0/plugins/, ...) took 457.732ms
[debug]   Load.apply: load took 824.5073ms
[debug]   Load.apply: resolveProjects took 9.9675ms
[debug]   Load.apply: finalTransforms took 136.0961ms
[debug]   Load.apply: config.delegates took 21.4071ms
[debug]   Load.apply: Def.make(settings)... took 1337.2421ms
[debug]   Load.apply: structureIndex took 235.8891ms
[debug]   Load.apply: mkStreams took 3.0286ms
[info] loading global plugins from C:\Users\rkungu2\.sbt\1.0\plugins
[debug] Running task... Cancel: Signal, check cycles: false, forcegc: true
[debug] Load.defaultLoad until apply took 23560.028ms
[error] java.lang.RuntimeException: Invalid build URI (no handler available): file:/C:/Users/rkungu2/Documents/Git/CS-474-/Finall/project/
[error] 	at scala.sys.package$.error(package.scala:30)
[error] 	at sbt.internal.Load$.$anonfun$builtinLoader$1(Load.scala:491)
[error] 	at sbt.internal.BuildLoader.$anonfun$apply$3(BuildLoader.scala:244)
[error] 	at scala.Option.getOrElse(Option.scala:189)
[error] 	at sbt.internal.BuildLoader.apply(BuildLoader.scala:244)
[error] 	at sbt.internal.Load$.loadURI$1(Load.scala:556)
[error] 	at sbt.internal.Load$.loadAll(Load.scala:572)
[error] 	at sbt.internal.Load$.loadURI(Load.scala:502)
[error] 	at sbt.internal.Load$.load(Load.scala:481)
[error] 	at sbt.internal.Load$.$anonfun$apply$1(Load.scala:243)
[error] 	at sbt.internal.Load$.timed(Load.scala:1408)
[error] 	at sbt.internal.Load$.apply(Load.scala:243)
[error] 	at sbt.internal.Load$.buildPluginDefinition(Load.scala:1325)
[error] 	at sbt.internal.Load$.buildPlugins(Load.scala:1255)
[error] 	at sbt.internal.Load$.plugins(Load.scala:1234)
[error] 	at sbt.internal.Load$.$anonfun$loadUnit$2(Load.scala:702)
[error] 	at sbt.internal.Load$.timed(Load.scala:1408)
[error] 	at sbt.internal.Load$.$anonfun$loadUnit$1(Load.scala:702)
[error] 	at sbt.internal.Load$.timed(Load.scala:1408)
[error] 	at sbt.internal.Load$.loadUnit(Load.scala:696)
[error] 	at sbt.internal.Load$.$anonfun$builtinLoader$4(Load.scala:494)
[error] 	at sbt.internal.BuildLoader$.$anonfun$componentLoader$5(BuildLoader.scala:180)
[error] 	at sbt.internal.BuildLoader.apply(BuildLoader.scala:245)
[error] 	at sbt.internal.Load$.loadURI$1(Load.scala:556)
[error] 	at sbt.internal.Load$.loadAll(Load.scala:572)
[error] 	at sbt.internal.Load$.loadURI(Load.scala:502)
[error] 	at sbt.internal.Load$.load(Load.scala:481)
[error] 	at sbt.internal.Load$.$anonfun$apply$1(Load.scala:243)
[error] 	at sbt.internal.Load$.timed(Load.scala:1408)
[error] 	at sbt.internal.Load$.apply(Load.scala:243)
[error] 	at sbt.internal.Load$.defaultLoad(Load.scala:56)
[error] 	at sbt.BuiltinCommands$.liftedTree1$1(Main.scala:953)
[error] 	at sbt.BuiltinCommands$.doLoadProject(Main.scala:953)
[error] 	at sbt.BuiltinCommands$.$anonfun$loadProjectImpl$2(Main.scala:906)
[error] 	at sbt.Command$.$anonfun$applyEffect$4(Command.scala:150)
[error] 	at sbt.Command$.$anonfun$applyEffect$2(Command.scala:145)
[error] 	at sbt.Command$.process(Command.scala:189)
[error] 	at sbt.MainLoop$.$anonfun$processCommand$5(MainLoop.scala:245)
[error] 	at scala.Option.getOrElse(Option.scala:189)
[error] 	at sbt.MainLoop$.process$1(MainLoop.scala:245)
[error] 	at sbt.MainLoop$.processCommand(MainLoop.scala:278)
[error] 	at sbt.MainLoop$.$anonfun$next$5(MainLoop.scala:163)
[error] 	at sbt.State$StateOpsImpl$.runCmd$1(State.scala:289)
[error] 	at sbt.State$StateOpsImpl$.process$extension(State.scala:325)
[error] 	at sbt.MainLoop$.$anonfun$next$4(MainLoop.scala:163)
[error] 	at sbt.internal.util.ErrorHandling$.wideConvert(ErrorHandling.scala:23)
[error] 	at sbt.MainLoop$.next(MainLoop.scala:163)
[error] 	at sbt.MainLoop$.run(MainLoop.scala:144)
[error] 	at sbt.MainLoop$.$anonfun$runWithNewLog$1(MainLoop.scala:119)
[error] 	at sbt.io.Using.apply(Using.scala:27)
[error] 	at sbt.MainLoop$.runWithNewLog(MainLoop.scala:112)
[error] 	at sbt.MainLoop$.runAndClearLast(MainLoop.scala:66)
[error] 	at sbt.MainLoop$.runLoggedLoop(MainLoop.scala:51)
[error] 	at sbt.MainLoop$.runLogged(MainLoop.scala:42)
[error] 	at sbt.StandardMain$.runManaged(Main.scala:215)
[error] 	at sbt.xMain$.$anonfun$run$11(Main.scala:133)
[error] 	at scala.util.DynamicVariable.withValue(DynamicVariable.scala:62)
[error] 	at scala.Console$.withIn(Console.scala:230)
[error] 	at sbt.internal.util.Terminal$.withIn(Terminal.scala:569)
[error] 	at sbt.internal.util.Terminal$.$anonfun$withStreams$1(Terminal.scala:350)
[error] 	at scala.util.DynamicVariable.withValue(DynamicVariable.scala:62)
[error] 	at scala.Console$.withOut(Console.scala:167)
[error] 	at sbt.internal.util.Terminal$.$anonfun$withOut$2(Terminal.scala:559)
[error] 	at scala.util.DynamicVariable.withValue(DynamicVariable.scala:62)
[error] 	at scala.Console$.withErr(Console.scala:196)
[error] 	at sbt.internal.util.Terminal$.withOut(Terminal.scala:559)
[error] 	at sbt.internal.util.Terminal$.withStreams(Terminal.scala:350)
[error] 	at sbt.xMain$.withStreams$1(Main.scala:87)
[error] 	at sbt.xMain$.run(Main.scala:121)
[error] 	at java.base/jdk.internal.reflect.DirectMethodHandleAccessor.invoke(DirectMethodHandleAccessor.java:104)
[error] 	at java.base/java.lang.reflect.Method.invoke(Method.java:578)
[error] 	at sbt.internal.XMainConfiguration.run(XMainConfiguration.java:57)
[error] 	at sbt.xMain.run(Main.scala:46)
[error] 	at xsbt.boot.Launch$.$anonfun$run$1(Launch.scala:149)
[error] 	at xsbt.boot.Launch$.withContextLoader(Launch.scala:176)
[error] 	at xsbt.boot.Launch$.run(Launch.scala:149)
[error] 	at xsbt.boot.Launch$.$anonfun$apply$1(Launch.scala:44)
[error] 	at xsbt.boot.Launch$.launch(Launch.scala:159)
[error] 	at xsbt.boot.Launch$.apply(Launch.scala:44)
[error] 	at xsbt.boot.Launch$.apply(Launch.scala:21)
[error] 	at xsbt.boot.Boot$.runImpl(Boot.scala:78)
[error] 	at xsbt.boot.Boot$.run(Boot.scala:73)
[error] 	at xsbt.boot.Boot$.main(Boot.scala:21)
[error] 	at xsbt.boot.Boot.main(Boot.scala)
[error] Invalid build URI (no handler available): file:/C:/Users/rkungu2/Documents/Git/CS-474-/Finall/project/
[error] Use 'last' for the full log.
[debug] > Exec(loadFailed, None, None)
[warn] Project loading failed: (r)etry, (q)uit, (l)ast, or (i)gnore? (default: r)
